\BOOKMARK [0][-]{chapter*.2}{List of Figures}{}% 1
\BOOKMARK [0][-]{chapter*.3}{List of Tables}{}% 2
\BOOKMARK [0][-]{chapter*.4}{List of Code Listings}{}% 3
\BOOKMARK [0][-]{chapter*.4}{List of Acronyms}{}% 4
\BOOKMARK [0][-]{chapter.1}{Introduction}{}% 5
\BOOKMARK [1][-]{section.1.1}{Timetabling Problems}{chapter.1}% 6
\BOOKMARK [1][-]{section.1.2}{Objectives}{chapter.1}% 7
\BOOKMARK [1][-]{section.1.3}{Planning}{chapter.1}% 8
\BOOKMARK [1][-]{section.1.4}{Document Organization}{chapter.1}% 9
\BOOKMARK [0][-]{chapter.2}{State of the Art}{}% 10
\BOOKMARK [1][-]{section.2.1}{Timetabling Problem}{chapter.2}% 11
\BOOKMARK [1][-]{section.2.2}{Existing Approaches}{chapter.2}% 12
\BOOKMARK [2][-]{subsection.2.2.1}{Exact methods}{section.2.2}% 13
\BOOKMARK [3][-]{section*.7}{Programming Based Technique}{subsection.2.2.1}% 14
\BOOKMARK [3][-]{section*.8}{Integer Programming}{subsection.2.2.1}% 15
\BOOKMARK [2][-]{subsection.2.2.2}{Graph Coloring Based Techniques}{section.2.2}% 16
\BOOKMARK [3][-]{section*.9}{Graph Coloring Problem}{subsection.2.2.2}% 17
\BOOKMARK [2][-]{subsection.2.2.3}{Meta-heuristics}{section.2.2}% 18
\BOOKMARK [3][-]{section*.10}{Single-solution meta-heuristics}{subsection.2.2.3}% 19
\BOOKMARK [3][-]{section*.11}{Population-based meta-heuristics}{subsection.2.2.3}% 20
\BOOKMARK [2][-]{subsection.2.2.4}{ITC 2007 Examination timetabling problem: some approaches}{section.2.2}% 21
\BOOKMARK [0][-]{chapter*.17}{References}{}% 22
